2018-12-15 23:05:46,925 - Log4JLogChute initialized using file 'velocity.log'
2018-12-15 23:05:46,925 - Initializing Velocity, Calling init()...
2018-12-15 23:05:46,925 - Starting Apache Velocity v1.7 (compiled: 2010-11-19 12:14:37)
2018-12-15 23:05:46,925 - Default Properties File: org/apache/velocity/runtime/defaults/velocity.properties
2018-12-15 23:05:46,925 - Trying to use logger class org.apache.velocity.runtime.log.AvalonLogChute
2018-12-15 23:05:46,925 - Target log system for org.apache.velocity.runtime.log.AvalonLogChute is not available (java.lang.NoClassDefFoundError: org/apache/log/Priority).  Falling back to next log system...
2018-12-15 23:05:46,925 - Trying to use logger class org.apache.velocity.runtime.log.Log4JLogChute
2018-12-15 23:05:46,925 - Using logger class org.apache.velocity.runtime.log.Log4JLogChute
2018-12-15 23:05:46,927 - ResourceLoader instantiated: org.apache.velocity.runtime.resource.loader.ClasspathResourceLoader
2018-12-15 23:05:46,933 - ResourceCache: initialized (class org.apache.velocity.runtime.resource.ResourceCacheImpl) with class java.util.Collections$SynchronizedMap cache map.
2018-12-15 23:05:46,935 - Loaded System Directive: org.apache.velocity.runtime.directive.Stop
2018-12-15 23:05:46,936 - Loaded System Directive: org.apache.velocity.runtime.directive.Define
2018-12-15 23:05:46,936 - Loaded System Directive: org.apache.velocity.runtime.directive.Break
2018-12-15 23:05:46,937 - Loaded System Directive: org.apache.velocity.runtime.directive.Evaluate
2018-12-15 23:05:46,937 - Loaded System Directive: org.apache.velocity.runtime.directive.Literal
2018-12-15 23:05:46,938 - Loaded System Directive: org.apache.velocity.runtime.directive.Macro
2018-12-15 23:05:46,938 - Loaded System Directive: org.apache.velocity.runtime.directive.Parse
2018-12-15 23:05:46,939 - Loaded System Directive: org.apache.velocity.runtime.directive.Include
2018-12-15 23:05:46,940 - Loaded System Directive: org.apache.velocity.runtime.directive.Foreach
2018-12-15 23:05:46,949 - Created '20' parsers.
2018-12-15 23:05:46,951 - Velocimacro : "velocimacro.library" is not set.  Trying default library: VM_global_library.vm
2018-12-15 23:05:46,952 - Could not load resource 'VM_global_library.vm' from ResourceLoader org.apache.velocity.runtime.resource.loader.ClasspathResourceLoader: ClasspathResourceLoader Error: cannot find resource VM_global_library.vm
2018-12-15 23:05:46,952 - Velocimacro : Default library not found.
2018-12-15 23:05:46,952 - Velocimacro : allowInline = true : VMs can be defined inline in templates
2018-12-15 23:05:46,952 - Velocimacro : allowInlineToOverride = false : VMs defined inline may NOT replace previous VM definitions
2018-12-15 23:05:46,952 - Velocimacro : allowInlineLocal = false : VMs defined inline will be global in scope if allowed.
2018-12-15 23:05:46,952 - Velocimacro : autoload off : VM system will not automatically reload global library macros
2018-12-15 23:05:46,959 - ResourceManager : found elasticsearch-template/create_item_index.vm with loader org.apache.velocity.runtime.resource.loader.ClasspathResourceLoader
2018-12-15 23:05:46,964 - ResourceManager : found elasticsearch-template/search_item_index.vm with loader org.apache.velocity.runtime.resource.loader.ClasspathResourceLoader
2018-12-15 23:05:46,964 - ResourceManager : found elasticsearch-template/update_item_index.vm with loader org.apache.velocity.runtime.resource.loader.ClasspathResourceLoader
2018-12-15 23:33:26,735 - Log4JLogChute initialized using file 'velocity.log'
2018-12-15 23:33:26,736 - Initializing Velocity, Calling init()...
2018-12-15 23:33:26,736 - Starting Apache Velocity v1.7 (compiled: 2010-11-19 12:14:37)
2018-12-15 23:33:26,736 - Default Properties File: org/apache/velocity/runtime/defaults/velocity.properties
2018-12-15 23:33:26,736 - Trying to use logger class org.apache.velocity.runtime.log.AvalonLogChute
2018-12-15 23:33:26,736 - Target log system for org.apache.velocity.runtime.log.AvalonLogChute is not available (java.lang.NoClassDefFoundError: org/apache/log/Priority).  Falling back to next log system...
2018-12-15 23:33:26,736 - Trying to use logger class org.apache.velocity.runtime.log.Log4JLogChute
2018-12-15 23:33:26,736 - Using logger class org.apache.velocity.runtime.log.Log4JLogChute
2018-12-15 23:33:26,738 - ResourceLoader instantiated: org.apache.velocity.runtime.resource.loader.ClasspathResourceLoader
2018-12-15 23:33:26,744 - ResourceCache: initialized (class org.apache.velocity.runtime.resource.ResourceCacheImpl) with class java.util.Collections$SynchronizedMap cache map.
2018-12-15 23:33:26,746 - Loaded System Directive: org.apache.velocity.runtime.directive.Stop
2018-12-15 23:33:26,746 - Loaded System Directive: org.apache.velocity.runtime.directive.Define
2018-12-15 23:33:26,747 - Loaded System Directive: org.apache.velocity.runtime.directive.Break
2018-12-15 23:33:26,747 - Loaded System Directive: org.apache.velocity.runtime.directive.Evaluate
2018-12-15 23:33:26,748 - Loaded System Directive: org.apache.velocity.runtime.directive.Literal
2018-12-15 23:33:26,748 - Loaded System Directive: org.apache.velocity.runtime.directive.Macro
2018-12-15 23:33:26,749 - Loaded System Directive: org.apache.velocity.runtime.directive.Parse
2018-12-15 23:33:26,749 - Loaded System Directive: org.apache.velocity.runtime.directive.Include
2018-12-15 23:33:26,750 - Loaded System Directive: org.apache.velocity.runtime.directive.Foreach
2018-12-15 23:33:26,760 - Created '20' parsers.
2018-12-15 23:33:26,761 - Velocimacro : "velocimacro.library" is not set.  Trying default library: VM_global_library.vm
2018-12-15 23:33:26,762 - Could not load resource 'VM_global_library.vm' from ResourceLoader org.apache.velocity.runtime.resource.loader.ClasspathResourceLoader: ClasspathResourceLoader Error: cannot find resource VM_global_library.vm
2018-12-15 23:33:26,762 - Velocimacro : Default library not found.
2018-12-15 23:33:26,763 - Velocimacro : allowInline = true : VMs can be defined inline in templates
2018-12-15 23:33:26,763 - Velocimacro : allowInlineToOverride = false : VMs defined inline may NOT replace previous VM definitions
2018-12-15 23:33:26,763 - Velocimacro : allowInlineLocal = false : VMs defined inline will be global in scope if allowed.
2018-12-15 23:33:26,763 - Velocimacro : autoload off : VM system will not automatically reload global library macros
2018-12-15 23:33:26,774 - ResourceManager : found elasticsearch-template/create_item_index.vm with loader org.apache.velocity.runtime.resource.loader.ClasspathResourceLoader
2018-12-15 23:33:26,782 - ResourceManager : found elasticsearch-template/search_item_index.vm with loader org.apache.velocity.runtime.resource.loader.ClasspathResourceLoader
2018-12-15 23:33:26,783 - ResourceManager : found elasticsearch-template/update_item_index.vm with loader org.apache.velocity.runtime.resource.loader.ClasspathResourceLoader
